<?xml version="1.0" encoding="UTF-8"?>
<!-- Generated by org.testng.reporters.JUnitReportReporter -->
<testsuite name="hai.NewTest" tests="1" time="1.678" ignored="0" failures="0" timestamp="16 May 2021 07:25:31 GMT" skipped="0" hostname="DESKTOP-DCEM877" errors="0">
  <testcase name="f" time="1.678" classname="hai.NewTest"/>
</testsuite> <!-- hai.NewTest -->
