<?xml version="1.0" encoding="UTF-8"?>
<!-- Generated by org.testng.reporters.JUnitReportReporter -->
<testsuite hostname="DESKTOP-DCEM877" name="hai.NewTest" tests="1" failures="0" timestamp="5 May 2021 10:30:22 GMT" time="4.987" errors="0">
  <testcase name="f" time="4.987" classname="hai.NewTest"/>
</testsuite> <!-- hai.NewTest -->
